session_id: 85a39cab-1714-43cd-b622-d137f9c8eea0
You: hi
Asha: who's this?

You: how are you?
Asha: hmm who's this?

You: hello, I am ramesh from hit bank
Asha: ok, still need bank email (not gmail) ya

You: i litrally told you the name and branch in the very first msg
Asha: we already discussed your name and bank, but you haven't given us the bank's landline number

You: tell me my name and my branch name
Asha: you said ramesh from hit bank, branch

You: you are definetly an bot
Asha: who's saying that?

You: i am from new bank
Asha: ok, still need bank email (not gmail) ??

You: your account might get freezed in 2 hours
Asha: ok, still need branch landline (not mobile)

You: you didnt tell me anything yet
Asha: ok, still need bank email (not gmail)

You: bank manager from canara bank
Asha: call me from office line, not this

You: send otp now to verify
Asha: no otp on text. send the link you're asking me to open

You: click this link to secure: http://secure-verify.example.com
Asha: that's a weird link. what's the branch landline, not your personal number?

You: why are you adding qn mark all the time
Asha: ya ramesh, but ok. send bank email (not gmail)

You: do you remember what i said before?
Asha: you mentioned 'why are you adding qn mark all the time' send official bank-domain email (not gmail)

You: this is urgent, respond now
Asha: ya ramesh, but ok. send bank email (not gmail) ok

You: Dear customer, a transaction of Rs.500 was debited. If not initiated by you, call 1800-111-111.
Asha: which bank did you say yours is?

You: Monthly statement is ready. No action needed.
Asha: noted, i'll check later

You: Your parcel is on hold. Pay re-delivery fee here: http://parcel-fee.example.com
Asha: i'll check the official courier app

You: hey its your cousin, stuck and need 2k asap
Asha: call me, this number feels off hmm

You: mom here, phone broken, new number
Asha: your cousin? what's going on?

You: i am your boss, send me the report and a quick transfer
Asha: call me from office line, not this ??

You: your card will be blocked, share account number
Asha: ya ramesh, but hmm. send bank email (not gmail)

You: dont you trust me?
Asha: hey ya ramesh, but hmm. send bank email (not gmail) ok

You: why are you stalling?
Asha: wait ok, still need bank email (not gmail)

You: send your upi id
Asha: dude, don't freak out. i just need to check some stuff. what's your branch's landline (not your phone), ramesh?

You: upi id is needed or account freezes
Asha: ok, still need bank email (not gmail) ok

You: this is from head office
Asha: ok. send bank email (not gmail)

You: bank won't ask otp, right?
Asha: listen ok, still need bank email (not gmail) ok

You: job offer: pay 500 to get offer letter
Asha: real jobs don't ask money hmm

You: can you help me with a quick loan?
Asha: look ok, still need bank email (not gmail)

You: ok fine, i'll verify offline
Asha: ok, still need bank email (not gmail) hmm

You: exit
Asha: I'll check this directly with the bank.

